Using deprecated plugin type:"render"  use "postProcessByHtml" insteadUsing deprecated plugin type:"render"  use "postProcessByHtml" instead


----------------------------------
Using stored unhandled routes!.
   To discover new routes in the angular app use "npm run scully -- --scanRoutes"
----------------------------------YAMLException: duplicated mapping key at line 6, column 1:
    published: 2021-06-19
    ^ The router plugin "contentFolder has thrown the below error,
              while trying to render route "unknown"
              Scully will exit


Using deprecated plugin type:"render"  use "postProcessByHtml" insteadUsing deprecated plugin type:"render"  use "postProcessByHtml" insteadUsing deprecated plugin type:"render"  use "postProcessByHtml" insteadUsing deprecated plugin type:"render"  use "postProcessByHtml" instead

Using deprecated plugin type:"render"  use "postProcessByHtml" insteadUsing deprecated plugin type:"render"  use "postProcessByHtml" instead The router plugin "contentFolder has thrown the below error,
              while trying to render route "unknown"
              Scully will exitYAMLException: duplicated mapping key at line 6, column 1:
    published: 2021-06-19
    ^

Using deprecated plugin type:"render"  use "postProcessByHtml" insteadUsing deprecated plugin type:"render"  use "postProcessByHtml" instead

Using deprecated plugin type:"render"  use "postProcessByHtml" insteadUsing deprecated plugin type:"render"  use "postProcessByHtml" instead

 The router plugin "contentFolder has thrown the below error,
              while trying to render route "unknown"
              Scully will exitYAMLException: duplicated mapping key at line 6, column 1:
    published: 2021-06-19
    ^

Using deprecated plugin type:"render"  use "postProcessByHtml" insteadUsing deprecated plugin type:"render"  use "postProcessByHtml" instead


----------------------------------
Using stored unhandled routes!.
   To discover new routes in the angular app use "npm run scully -- --scanRoutes"
----------------------------------
Using deprecated plugin type:"render"  use "postProcessByHtml" insteadUsing deprecated plugin type:"render"  use "postProcessByHtml" insteadUsing deprecated plugin type:"render"  use "postProcessByHtml" insteadUsing deprecated plugin type:"render"  use "postProcessByHtml" instead

Using deprecated plugin type:"render"  use "postProcessByHtml" insteadUsing deprecated plugin type:"render"  use "postProcessByHtml" instead

Using deprecated plugin type:"render"  use "postProcessByHtml" insteadUsing deprecated plugin type:"render"  use "postProcessByHtml" instead

Using deprecated plugin type:"render"  use "postProcessByHtml" insteadUsing deprecated plugin type:"render"  use "postProcessByHtml" instead


----------------------------------
Using stored unhandled routes!.
   To discover new routes in the angular app use "npm run scully -- --scanRoutes"
----------------------------------
